Model: "efficientnet"
__________________________________________________________________________________________________
Layer (type)                    Output Shape         Param #     Connected to
==================================================================================================
input_1 (InputLayer)            [(None, None, None,  0
__________________________________________________________________________________________________
tf_op_layer_Identity (TensorFlo [(None, None, None,  0           input_1[0][0]
__________________________________________________________________________________________________
tf_op_layer_Shape (TensorFlowOp [(4,)]               0           tf_op_layer_Identity[0][0]
__________________________________________________________________________________________________
tf_op_layer_BroadcastTo (Tensor [(None, None, None,  0           tf_op_layer_Shape[0][0]
__________________________________________________________________________________________________
tf_op_layer_Sub (TensorFlowOpLa [(None, None, None,  0           tf_op_layer_Identity[0][0]
                                                                 tf_op_layer_BroadcastTo[0][0]
__________________________________________________________________________________________________
tf_op_layer_Shape_1 (TensorFlow [(4,)]               0           tf_op_layer_Sub[0][0]
__________________________________________________________________________________________________
tf_op_layer_BroadcastTo_1 (Tens [(None, None, None,  0           tf_op_layer_Shape_1[0][0]
__________________________________________________________________________________________________
tf_op_layer_RealDiv (TensorFlow [(None, None, None,  0           tf_op_layer_Sub[0][0]
                                                                 tf_op_layer_BroadcastTo_1[0][0]
__________________________________________________________________________________________________
stem_conv2d (Conv2D)            (None, None, None, 3 864         tf_op_layer_RealDiv[0][0]
__________________________________________________________________________________________________
stem_bn (BatchNormalization)    (None, None, None, 3 128         stem_conv2d[0][0]
__________________________________________________________________________________________________
stem_activation (Activation)    (None, None, None, 3 0           stem_bn[0][0]
__________________________________________________________________________________________________
stack_0/block_0/depthwise_conv2 (None, None, None, 3 288         stem_activation[0][0]
__________________________________________________________________________________________________
stack_0/block_0/depthwise_bn (B (None, None, None, 3 128         stack_0/block_0/depthwise_conv2d[
__________________________________________________________________________________________________
stack_0/block_0/depthwise_activ (None, None, None, 3 0           stack_0/block_0/depthwise_bn[0][0
__________________________________________________________________________________________________
stack_0/block_0/se_squeeze (Glo (None, 32)           0           stack_0/block_0/depthwise_activat
__________________________________________________________________________________________________
stack_0/block_0/se_reshape (Res (None, 1, 1, 32)     0           stack_0/block_0/se_squeeze[0][0]
__________________________________________________________________________________________________
stack_0/block_0/se_reduce_conv2 (None, 1, 1, 8)      264         stack_0/block_0/se_reshape[0][0]
__________________________________________________________________________________________________
stack_0/block_0/se_reduce_activ (None, 1, 1, 8)      0           stack_0/block_0/se_reduce_conv2d[
__________________________________________________________________________________________________
stack_0/block_0/se_expand_conv2 (None, 1, 1, 32)     288         stack_0/block_0/se_reduce_activat
__________________________________________________________________________________________________
stack_0/block_0/se_expand_activ (None, 1, 1, 32)     0           stack_0/block_0/se_expand_conv2d[
__________________________________________________________________________________________________
stack_0/block_0/se_excite (Mult (None, None, None, 3 0           stack_0/block_0/depthwise_activat
                                                                 stack_0/block_0/se_expand_activat
__________________________________________________________________________________________________
stack_0/block_0/project_conv2d  (None, None, None, 1 512         stack_0/block_0/se_excite[0][0]
__________________________________________________________________________________________________
stack_0/block_0/project_bn (Bat (None, None, None, 1 64          stack_0/block_0/project_conv2d[0]
__________________________________________________________________________________________________
stack_0/block_0/id (Activation) (None, None, None, 1 0           stack_0/block_0/project_bn[0][0]
__________________________________________________________________________________________________
stack_1/block_0/expand_conv2d ( (None, None, None, 9 1536        stack_0/block_0/id[0][0]
__________________________________________________________________________________________________
stack_1/block_0/expand_bn (Batc (None, None, None, 9 384         stack_1/block_0/expand_conv2d[0][
__________________________________________________________________________________________________
stack_1/block_0/expand_activati (None, None, None, 9 0           stack_1/block_0/expand_bn[0][0]
__________________________________________________________________________________________________
stack_1/block_0/depthwise_conv2 (None, None, None, 9 864         stack_1/block_0/expand_activation
__________________________________________________________________________________________________
stack_1/block_0/depthwise_bn (B (None, None, None, 9 384         stack_1/block_0/depthwise_conv2d[
__________________________________________________________________________________________________
stack_1/block_0/depthwise_activ (None, None, None, 9 0           stack_1/block_0/depthwise_bn[0][0
__________________________________________________________________________________________________
stack_1/block_0/se_squeeze (Glo (None, 96)           0           stack_1/block_0/depthwise_activat
__________________________________________________________________________________________________
stack_1/block_0/se_reshape (Res (None, 1, 1, 96)     0           stack_1/block_0/se_squeeze[0][0]
__________________________________________________________________________________________________
stack_1/block_0/se_reduce_conv2 (None, 1, 1, 4)      388         stack_1/block_0/se_reshape[0][0]
__________________________________________________________________________________________________
stack_1/block_0/se_reduce_activ (None, 1, 1, 4)      0           stack_1/block_0/se_reduce_conv2d[
__________________________________________________________________________________________________
stack_1/block_0/se_expand_conv2 (None, 1, 1, 96)     480         stack_1/block_0/se_reduce_activat
__________________________________________________________________________________________________
stack_1/block_0/se_expand_activ (None, 1, 1, 96)     0           stack_1/block_0/se_expand_conv2d[
__________________________________________________________________________________________________
stack_1/block_0/se_excite (Mult (None, None, None, 9 0           stack_1/block_0/depthwise_activat
                                                                 stack_1/block_0/se_expand_activat
__________________________________________________________________________________________________
stack_1/block_0/project_conv2d  (None, None, None, 2 2304        stack_1/block_0/se_excite[0][0]
__________________________________________________________________________________________________
stack_1/block_0/project_bn (Bat (None, None, None, 2 96          stack_1/block_0/project_conv2d[0]
__________________________________________________________________________________________________
stack_1/block_0/id (Activation) (None, None, None, 2 0           stack_1/block_0/project_bn[0][0]
__________________________________________________________________________________________________
stack_1/block_1/expand_conv2d ( (None, None, None, 1 3456        stack_1/block_0/id[0][0]
__________________________________________________________________________________________________
stack_1/block_1/expand_bn (Batc (None, None, None, 1 576         stack_1/block_1/expand_conv2d[0][
__________________________________________________________________________________________________
stack_1/block_1/expand_activati (None, None, None, 1 0           stack_1/block_1/expand_bn[0][0]
__________________________________________________________________________________________________
stack_1/block_1/depthwise_conv2 (None, None, None, 1 1296        stack_1/block_1/expand_activation
__________________________________________________________________________________________________
stack_1/block_1/depthwise_bn (B (None, None, None, 1 576         stack_1/block_1/depthwise_conv2d[
__________________________________________________________________________________________________
stack_1/block_1/depthwise_activ (None, None, None, 1 0           stack_1/block_1/depthwise_bn[0][0
__________________________________________________________________________________________________
stack_1/block_1/se_squeeze (Glo (None, 144)          0           stack_1/block_1/depthwise_activat
__________________________________________________________________________________________________
stack_1/block_1/se_reshape (Res (None, 1, 1, 144)    0           stack_1/block_1/se_squeeze[0][0]
__________________________________________________________________________________________________
stack_1/block_1/se_reduce_conv2 (None, 1, 1, 6)      870         stack_1/block_1/se_reshape[0][0]
__________________________________________________________________________________________________
stack_1/block_1/se_reduce_activ (None, 1, 1, 6)      0           stack_1/block_1/se_reduce_conv2d[
__________________________________________________________________________________________________
stack_1/block_1/se_expand_conv2 (None, 1, 1, 144)    1008        stack_1/block_1/se_reduce_activat
__________________________________________________________________________________________________
stack_1/block_1/se_expand_activ (None, 1, 1, 144)    0           stack_1/block_1/se_expand_conv2d[
__________________________________________________________________________________________________
stack_1/block_1/se_excite (Mult (None, None, None, 1 0           stack_1/block_1/depthwise_activat
                                                                 stack_1/block_1/se_expand_activat
__________________________________________________________________________________________________
stack_1/block_1/project_conv2d  (None, None, None, 2 3456        stack_1/block_1/se_excite[0][0]
__________________________________________________________________________________________________
stack_1/block_1/project_bn (Bat (None, None, None, 2 96          stack_1/block_1/project_conv2d[0]
__________________________________________________________________________________________________
stack_1/block_1/id (Activation) (None, None, None, 2 0           stack_1/block_1/project_bn[0][0]
__________________________________________________________________________________________________
stack_1/block_1/drop (Dropout)  (None, None, None, 2 0           stack_1/block_1/id[0][0]
__________________________________________________________________________________________________
stack_1/block_1/add (Add)       (None, None, None, 2 0           stack_1/block_1/drop[0][0]
                                                                 stack_1/block_0/id[0][0]
__________________________________________________________________________________________________
stack_2/block_0/expand_conv2d ( (None, None, None, 1 3456        stack_1/block_1/add[0][0]
__________________________________________________________________________________________________
stack_2/block_0/expand_bn (Batc (None, None, None, 1 576         stack_2/block_0/expand_conv2d[0][
__________________________________________________________________________________________________
stack_2/block_0/expand_activati (None, None, None, 1 0           stack_2/block_0/expand_bn[0][0]
__________________________________________________________________________________________________
stack_2/block_0/depthwise_conv2 (None, None, None, 1 3600        stack_2/block_0/expand_activation
__________________________________________________________________________________________________
stack_2/block_0/depthwise_bn (B (None, None, None, 1 576         stack_2/block_0/depthwise_conv2d[
__________________________________________________________________________________________________
stack_2/block_0/depthwise_activ (None, None, None, 1 0           stack_2/block_0/depthwise_bn[0][0
__________________________________________________________________________________________________
stack_2/block_0/se_squeeze (Glo (None, 144)          0           stack_2/block_0/depthwise_activat
__________________________________________________________________________________________________
stack_2/block_0/se_reshape (Res (None, 1, 1, 144)    0           stack_2/block_0/se_squeeze[0][0]
__________________________________________________________________________________________________
stack_2/block_0/se_reduce_conv2 (None, 1, 1, 6)      870         stack_2/block_0/se_reshape[0][0]
__________________________________________________________________________________________________
stack_2/block_0/se_reduce_activ (None, 1, 1, 6)      0           stack_2/block_0/se_reduce_conv2d[
__________________________________________________________________________________________________
stack_2/block_0/se_expand_conv2 (None, 1, 1, 144)    1008        stack_2/block_0/se_reduce_activat
__________________________________________________________________________________________________
stack_2/block_0/se_expand_activ (None, 1, 1, 144)    0           stack_2/block_0/se_expand_conv2d[
__________________________________________________________________________________________________
stack_2/block_0/se_excite (Mult (None, None, None, 1 0           stack_2/block_0/depthwise_activat
                                                                 stack_2/block_0/se_expand_activat
__________________________________________________________________________________________________
stack_2/block_0/project_conv2d  (None, None, None, 4 5760        stack_2/block_0/se_excite[0][0]
__________________________________________________________________________________________________
stack_2/block_0/project_bn (Bat (None, None, None, 4 160         stack_2/block_0/project_conv2d[0]
__________________________________________________________________________________________________
stack_2/block_0/id (Activation) (None, None, None, 4 0           stack_2/block_0/project_bn[0][0]
__________________________________________________________________________________________________
stack_2/block_1/expand_conv2d ( (None, None, None, 2 9600        stack_2/block_0/id[0][0]
__________________________________________________________________________________________________
stack_2/block_1/expand_bn (Batc (None, None, None, 2 960         stack_2/block_1/expand_conv2d[0][
__________________________________________________________________________________________________
stack_2/block_1/expand_activati (None, None, None, 2 0           stack_2/block_1/expand_bn[0][0]
__________________________________________________________________________________________________
stack_2/block_1/depthwise_conv2 (None, None, None, 2 6000        stack_2/block_1/expand_activation
__________________________________________________________________________________________________
stack_2/block_1/depthwise_bn (B (None, None, None, 2 960         stack_2/block_1/depthwise_conv2d[
__________________________________________________________________________________________________
stack_2/block_1/depthwise_activ (None, None, None, 2 0           stack_2/block_1/depthwise_bn[0][0
__________________________________________________________________________________________________
stack_2/block_1/se_squeeze (Glo (None, 240)          0           stack_2/block_1/depthwise_activat
__________________________________________________________________________________________________
stack_2/block_1/se_reshape (Res (None, 1, 1, 240)    0           stack_2/block_1/se_squeeze[0][0]
__________________________________________________________________________________________________
stack_2/block_1/se_reduce_conv2 (None, 1, 1, 10)     2410        stack_2/block_1/se_reshape[0][0]
__________________________________________________________________________________________________
stack_2/block_1/se_reduce_activ (None, 1, 1, 10)     0           stack_2/block_1/se_reduce_conv2d[
__________________________________________________________________________________________________
stack_2/block_1/se_expand_conv2 (None, 1, 1, 240)    2640        stack_2/block_1/se_reduce_activat
__________________________________________________________________________________________________
stack_2/block_1/se_expand_activ (None, 1, 1, 240)    0           stack_2/block_1/se_expand_conv2d[
__________________________________________________________________________________________________
stack_2/block_1/se_excite (Mult (None, None, None, 2 0           stack_2/block_1/depthwise_activat
                                                                 stack_2/block_1/se_expand_activat
__________________________________________________________________________________________________
stack_2/block_1/project_conv2d  (None, None, None, 4 9600        stack_2/block_1/se_excite[0][0]
__________________________________________________________________________________________________
stack_2/block_1/project_bn (Bat (None, None, None, 4 160         stack_2/block_1/project_conv2d[0]
__________________________________________________________________________________________________
stack_2/block_1/id (Activation) (None, None, None, 4 0           stack_2/block_1/project_bn[0][0]
__________________________________________________________________________________________________
stack_2/block_1/drop (Dropout)  (None, None, None, 4 0           stack_2/block_1/id[0][0]
__________________________________________________________________________________________________
stack_2/block_1/add (Add)       (None, None, None, 4 0           stack_2/block_1/drop[0][0]
                                                                 stack_2/block_0/id[0][0]
__________________________________________________________________________________________________
stack_3/block_0/expand_conv2d ( (None, None, None, 2 9600        stack_2/block_1/add[0][0]
__________________________________________________________________________________________________
stack_3/block_0/expand_bn (Batc (None, None, None, 2 960         stack_3/block_0/expand_conv2d[0][
__________________________________________________________________________________________________
stack_3/block_0/expand_activati (None, None, None, 2 0           stack_3/block_0/expand_bn[0][0]
__________________________________________________________________________________________________
stack_3/block_0/depthwise_conv2 (None, None, None, 2 2160        stack_3/block_0/expand_activation
__________________________________________________________________________________________________
stack_3/block_0/depthwise_bn (B (None, None, None, 2 960         stack_3/block_0/depthwise_conv2d[
__________________________________________________________________________________________________
stack_3/block_0/depthwise_activ (None, None, None, 2 0           stack_3/block_0/depthwise_bn[0][0
__________________________________________________________________________________________________
stack_3/block_0/se_squeeze (Glo (None, 240)          0           stack_3/block_0/depthwise_activat
__________________________________________________________________________________________________
stack_3/block_0/se_reshape (Res (None, 1, 1, 240)    0           stack_3/block_0/se_squeeze[0][0]
__________________________________________________________________________________________________
stack_3/block_0/se_reduce_conv2 (None, 1, 1, 10)     2410        stack_3/block_0/se_reshape[0][0]
__________________________________________________________________________________________________
stack_3/block_0/se_reduce_activ (None, 1, 1, 10)     0           stack_3/block_0/se_reduce_conv2d[
__________________________________________________________________________________________________
stack_3/block_0/se_expand_conv2 (None, 1, 1, 240)    2640        stack_3/block_0/se_reduce_activat
__________________________________________________________________________________________________
stack_3/block_0/se_expand_activ (None, 1, 1, 240)    0           stack_3/block_0/se_expand_conv2d[
__________________________________________________________________________________________________
stack_3/block_0/se_excite (Mult (None, None, None, 2 0           stack_3/block_0/depthwise_activat
                                                                 stack_3/block_0/se_expand_activat
__________________________________________________________________________________________________
stack_3/block_0/project_conv2d  (None, None, None, 8 19200       stack_3/block_0/se_excite[0][0]
__________________________________________________________________________________________________
stack_3/block_0/project_bn (Bat (None, None, None, 8 320         stack_3/block_0/project_conv2d[0]
__________________________________________________________________________________________________
stack_3/block_0/id (Activation) (None, None, None, 8 0           stack_3/block_0/project_bn[0][0]
__________________________________________________________________________________________________
stack_3/block_1/expand_conv2d ( (None, None, None, 4 38400       stack_3/block_0/id[0][0]
__________________________________________________________________________________________________
stack_3/block_1/expand_bn (Batc (None, None, None, 4 1920        stack_3/block_1/expand_conv2d[0][
__________________________________________________________________________________________________
stack_3/block_1/expand_activati (None, None, None, 4 0           stack_3/block_1/expand_bn[0][0]
__________________________________________________________________________________________________
stack_3/block_1/depthwise_conv2 (None, None, None, 4 4320        stack_3/block_1/expand_activation
__________________________________________________________________________________________________
stack_3/block_1/depthwise_bn (B (None, None, None, 4 1920        stack_3/block_1/depthwise_conv2d[
__________________________________________________________________________________________________
stack_3/block_1/depthwise_activ (None, None, None, 4 0           stack_3/block_1/depthwise_bn[0][0
__________________________________________________________________________________________________
stack_3/block_1/se_squeeze (Glo (None, 480)          0           stack_3/block_1/depthwise_activat
__________________________________________________________________________________________________
stack_3/block_1/se_reshape (Res (None, 1, 1, 480)    0           stack_3/block_1/se_squeeze[0][0]
__________________________________________________________________________________________________
stack_3/block_1/se_reduce_conv2 (None, 1, 1, 20)     9620        stack_3/block_1/se_reshape[0][0]
__________________________________________________________________________________________________
stack_3/block_1/se_reduce_activ (None, 1, 1, 20)     0           stack_3/block_1/se_reduce_conv2d[
__________________________________________________________________________________________________
stack_3/block_1/se_expand_conv2 (None, 1, 1, 480)    10080       stack_3/block_1/se_reduce_activat
__________________________________________________________________________________________________
stack_3/block_1/se_expand_activ (None, 1, 1, 480)    0           stack_3/block_1/se_expand_conv2d[
__________________________________________________________________________________________________
stack_3/block_1/se_excite (Mult (None, None, None, 4 0           stack_3/block_1/depthwise_activat
                                                                 stack_3/block_1/se_expand_activat
__________________________________________________________________________________________________
stack_3/block_1/project_conv2d  (None, None, None, 8 38400       stack_3/block_1/se_excite[0][0]
__________________________________________________________________________________________________
stack_3/block_1/project_bn (Bat (None, None, None, 8 320         stack_3/block_1/project_conv2d[0]
__________________________________________________________________________________________________
stack_3/block_1/id (Activation) (None, None, None, 8 0           stack_3/block_1/project_bn[0][0]
__________________________________________________________________________________________________
stack_3/block_1/drop (Dropout)  (None, None, None, 8 0           stack_3/block_1/id[0][0]
__________________________________________________________________________________________________
stack_3/block_1/add (Add)       (None, None, None, 8 0           stack_3/block_1/drop[0][0]
                                                                 stack_3/block_0/id[0][0]
__________________________________________________________________________________________________
stack_3/block_2/expand_conv2d ( (None, None, None, 4 38400       stack_3/block_1/add[0][0]
__________________________________________________________________________________________________
stack_3/block_2/expand_bn (Batc (None, None, None, 4 1920        stack_3/block_2/expand_conv2d[0][
__________________________________________________________________________________________________
stack_3/block_2/expand_activati (None, None, None, 4 0           stack_3/block_2/expand_bn[0][0]
__________________________________________________________________________________________________
stack_3/block_2/depthwise_conv2 (None, None, None, 4 4320        stack_3/block_2/expand_activation
__________________________________________________________________________________________________
stack_3/block_2/depthwise_bn (B (None, None, None, 4 1920        stack_3/block_2/depthwise_conv2d[
__________________________________________________________________________________________________
stack_3/block_2/depthwise_activ (None, None, None, 4 0           stack_3/block_2/depthwise_bn[0][0
__________________________________________________________________________________________________
stack_3/block_2/se_squeeze (Glo (None, 480)          0           stack_3/block_2/depthwise_activat
__________________________________________________________________________________________________
stack_3/block_2/se_reshape (Res (None, 1, 1, 480)    0           stack_3/block_2/se_squeeze[0][0]
__________________________________________________________________________________________________
stack_3/block_2/se_reduce_conv2 (None, 1, 1, 20)     9620        stack_3/block_2/se_reshape[0][0]
__________________________________________________________________________________________________
stack_3/block_2/se_reduce_activ (None, 1, 1, 20)     0           stack_3/block_2/se_reduce_conv2d[
__________________________________________________________________________________________________
stack_3/block_2/se_expand_conv2 (None, 1, 1, 480)    10080       stack_3/block_2/se_reduce_activat
__________________________________________________________________________________________________
stack_3/block_2/se_expand_activ (None, 1, 1, 480)    0           stack_3/block_2/se_expand_conv2d[
__________________________________________________________________________________________________
stack_3/block_2/se_excite (Mult (None, None, None, 4 0           stack_3/block_2/depthwise_activat
                                                                 stack_3/block_2/se_expand_activat
__________________________________________________________________________________________________
stack_3/block_2/project_conv2d  (None, None, None, 8 38400       stack_3/block_2/se_excite[0][0]
__________________________________________________________________________________________________
stack_3/block_2/project_bn (Bat (None, None, None, 8 320         stack_3/block_2/project_conv2d[0]
__________________________________________________________________________________________________
stack_3/block_2/id (Activation) (None, None, None, 8 0           stack_3/block_2/project_bn[0][0]
__________________________________________________________________________________________________
stack_3/block_2/drop (Dropout)  (None, None, None, 8 0           stack_3/block_2/id[0][0]
__________________________________________________________________________________________________
stack_3/block_2/add (Add)       (None, None, None, 8 0           stack_3/block_2/drop[0][0]
                                                                 stack_3/block_1/add[0][0]
__________________________________________________________________________________________________
stack_4/block_0/expand_conv2d ( (None, None, None, 4 38400       stack_3/block_2/add[0][0]
__________________________________________________________________________________________________
stack_4/block_0/expand_bn (Batc (None, None, None, 4 1920        stack_4/block_0/expand_conv2d[0][
__________________________________________________________________________________________________
stack_4/block_0/expand_activati (None, None, None, 4 0           stack_4/block_0/expand_bn[0][0]
__________________________________________________________________________________________________
stack_4/block_0/depthwise_conv2 (None, None, None, 4 12000       stack_4/block_0/expand_activation
__________________________________________________________________________________________________
stack_4/block_0/depthwise_bn (B (None, None, None, 4 1920        stack_4/block_0/depthwise_conv2d[
__________________________________________________________________________________________________
stack_4/block_0/depthwise_activ (None, None, None, 4 0           stack_4/block_0/depthwise_bn[0][0
__________________________________________________________________________________________________
stack_4/block_0/se_squeeze (Glo (None, 480)          0           stack_4/block_0/depthwise_activat
__________________________________________________________________________________________________
stack_4/block_0/se_reshape (Res (None, 1, 1, 480)    0           stack_4/block_0/se_squeeze[0][0]
__________________________________________________________________________________________________
stack_4/block_0/se_reduce_conv2 (None, 1, 1, 20)     9620        stack_4/block_0/se_reshape[0][0]
__________________________________________________________________________________________________
stack_4/block_0/se_reduce_activ (None, 1, 1, 20)     0           stack_4/block_0/se_reduce_conv2d[
__________________________________________________________________________________________________
stack_4/block_0/se_expand_conv2 (None, 1, 1, 480)    10080       stack_4/block_0/se_reduce_activat
__________________________________________________________________________________________________
stack_4/block_0/se_expand_activ (None, 1, 1, 480)    0           stack_4/block_0/se_expand_conv2d[
__________________________________________________________________________________________________
stack_4/block_0/se_excite (Mult (None, None, None, 4 0           stack_4/block_0/depthwise_activat
                                                                 stack_4/block_0/se_expand_activat
__________________________________________________________________________________________________
stack_4/block_0/project_conv2d  (None, None, None, 1 53760       stack_4/block_0/se_excite[0][0]
__________________________________________________________________________________________________
stack_4/block_0/project_bn (Bat (None, None, None, 1 448         stack_4/block_0/project_conv2d[0]
__________________________________________________________________________________________________
stack_4/block_0/id (Activation) (None, None, None, 1 0           stack_4/block_0/project_bn[0][0]
__________________________________________________________________________________________________
stack_4/block_1/expand_conv2d ( (None, None, None, 6 75264       stack_4/block_0/id[0][0]
__________________________________________________________________________________________________
stack_4/block_1/expand_bn (Batc (None, None, None, 6 2688        stack_4/block_1/expand_conv2d[0][
__________________________________________________________________________________________________
stack_4/block_1/expand_activati (None, None, None, 6 0           stack_4/block_1/expand_bn[0][0]
__________________________________________________________________________________________________
stack_4/block_1/depthwise_conv2 (None, None, None, 6 16800       stack_4/block_1/expand_activation
__________________________________________________________________________________________________
stack_4/block_1/depthwise_bn (B (None, None, None, 6 2688        stack_4/block_1/depthwise_conv2d[
__________________________________________________________________________________________________
stack_4/block_1/depthwise_activ (None, None, None, 6 0           stack_4/block_1/depthwise_bn[0][0
__________________________________________________________________________________________________
stack_4/block_1/se_squeeze (Glo (None, 672)          0           stack_4/block_1/depthwise_activat
__________________________________________________________________________________________________
stack_4/block_1/se_reshape (Res (None, 1, 1, 672)    0           stack_4/block_1/se_squeeze[0][0]
__________________________________________________________________________________________________
stack_4/block_1/se_reduce_conv2 (None, 1, 1, 28)     18844       stack_4/block_1/se_reshape[0][0]
__________________________________________________________________________________________________
stack_4/block_1/se_reduce_activ (None, 1, 1, 28)     0           stack_4/block_1/se_reduce_conv2d[
__________________________________________________________________________________________________
stack_4/block_1/se_expand_conv2 (None, 1, 1, 672)    19488       stack_4/block_1/se_reduce_activat
__________________________________________________________________________________________________
stack_4/block_1/se_expand_activ (None, 1, 1, 672)    0           stack_4/block_1/se_expand_conv2d[
__________________________________________________________________________________________________
stack_4/block_1/se_excite (Mult (None, None, None, 6 0           stack_4/block_1/depthwise_activat
                                                                 stack_4/block_1/se_expand_activat
__________________________________________________________________________________________________
stack_4/block_1/project_conv2d  (None, None, None, 1 75264       stack_4/block_1/se_excite[0][0]
__________________________________________________________________________________________________
stack_4/block_1/project_bn (Bat (None, None, None, 1 448         stack_4/block_1/project_conv2d[0]
__________________________________________________________________________________________________
stack_4/block_1/id (Activation) (None, None, None, 1 0           stack_4/block_1/project_bn[0][0]
__________________________________________________________________________________________________
stack_4/block_1/drop (Dropout)  (None, None, None, 1 0           stack_4/block_1/id[0][0]
__________________________________________________________________________________________________
stack_4/block_1/add (Add)       (None, None, None, 1 0           stack_4/block_1/drop[0][0]
                                                                 stack_4/block_0/id[0][0]
__________________________________________________________________________________________________
stack_4/block_2/expand_conv2d ( (None, None, None, 6 75264       stack_4/block_1/add[0][0]
__________________________________________________________________________________________________
stack_4/block_2/expand_bn (Batc (None, None, None, 6 2688        stack_4/block_2/expand_conv2d[0][
__________________________________________________________________________________________________
stack_4/block_2/expand_activati (None, None, None, 6 0           stack_4/block_2/expand_bn[0][0]
__________________________________________________________________________________________________
stack_4/block_2/depthwise_conv2 (None, None, None, 6 16800       stack_4/block_2/expand_activation
__________________________________________________________________________________________________
stack_4/block_2/depthwise_bn (B (None, None, None, 6 2688        stack_4/block_2/depthwise_conv2d[
__________________________________________________________________________________________________
stack_4/block_2/depthwise_activ (None, None, None, 6 0           stack_4/block_2/depthwise_bn[0][0
__________________________________________________________________________________________________
stack_4/block_2/se_squeeze (Glo (None, 672)          0           stack_4/block_2/depthwise_activat
__________________________________________________________________________________________________
stack_4/block_2/se_reshape (Res (None, 1, 1, 672)    0           stack_4/block_2/se_squeeze[0][0]
__________________________________________________________________________________________________
stack_4/block_2/se_reduce_conv2 (None, 1, 1, 28)     18844       stack_4/block_2/se_reshape[0][0]
__________________________________________________________________________________________________
stack_4/block_2/se_reduce_activ (None, 1, 1, 28)     0           stack_4/block_2/se_reduce_conv2d[
__________________________________________________________________________________________________
stack_4/block_2/se_expand_conv2 (None, 1, 1, 672)    19488       stack_4/block_2/se_reduce_activat
__________________________________________________________________________________________________
stack_4/block_2/se_expand_activ (None, 1, 1, 672)    0           stack_4/block_2/se_expand_conv2d[
__________________________________________________________________________________________________
stack_4/block_2/se_excite (Mult (None, None, None, 6 0           stack_4/block_2/depthwise_activat
                                                                 stack_4/block_2/se_expand_activat
__________________________________________________________________________________________________
stack_4/block_2/project_conv2d  (None, None, None, 1 75264       stack_4/block_2/se_excite[0][0]
__________________________________________________________________________________________________
stack_4/block_2/project_bn (Bat (None, None, None, 1 448         stack_4/block_2/project_conv2d[0]
__________________________________________________________________________________________________
stack_4/block_2/id (Activation) (None, None, None, 1 0           stack_4/block_2/project_bn[0][0]
__________________________________________________________________________________________________
stack_4/block_2/drop (Dropout)  (None, None, None, 1 0           stack_4/block_2/id[0][0]
__________________________________________________________________________________________________
stack_4/block_2/add (Add)       (None, None, None, 1 0           stack_4/block_2/drop[0][0]
                                                                 stack_4/block_1/add[0][0]
__________________________________________________________________________________________________
stack_5/block_0/expand_conv2d ( (None, None, None, 6 75264       stack_4/block_2/add[0][0]
__________________________________________________________________________________________________
stack_5/block_0/expand_bn (Batc (None, None, None, 6 2688        stack_5/block_0/expand_conv2d[0][
__________________________________________________________________________________________________
stack_5/block_0/expand_activati (None, None, None, 6 0           stack_5/block_0/expand_bn[0][0]
__________________________________________________________________________________________________
stack_5/block_0/depthwise_conv2 (None, None, None, 6 16800       stack_5/block_0/expand_activation
__________________________________________________________________________________________________
stack_5/block_0/depthwise_bn (B (None, None, None, 6 2688        stack_5/block_0/depthwise_conv2d[
__________________________________________________________________________________________________
stack_5/block_0/depthwise_activ (None, None, None, 6 0           stack_5/block_0/depthwise_bn[0][0
__________________________________________________________________________________________________
stack_5/block_0/se_squeeze (Glo (None, 672)          0           stack_5/block_0/depthwise_activat
__________________________________________________________________________________________________
stack_5/block_0/se_reshape (Res (None, 1, 1, 672)    0           stack_5/block_0/se_squeeze[0][0]
__________________________________________________________________________________________________
stack_5/block_0/se_reduce_conv2 (None, 1, 1, 28)     18844       stack_5/block_0/se_reshape[0][0]
__________________________________________________________________________________________________
stack_5/block_0/se_reduce_activ (None, 1, 1, 28)     0           stack_5/block_0/se_reduce_conv2d[
__________________________________________________________________________________________________
stack_5/block_0/se_expand_conv2 (None, 1, 1, 672)    19488       stack_5/block_0/se_reduce_activat
__________________________________________________________________________________________________
stack_5/block_0/se_expand_activ (None, 1, 1, 672)    0           stack_5/block_0/se_expand_conv2d[
__________________________________________________________________________________________________
stack_5/block_0/se_excite (Mult (None, None, None, 6 0           stack_5/block_0/depthwise_activat
                                                                 stack_5/block_0/se_expand_activat
__________________________________________________________________________________________________
stack_5/block_0/project_conv2d  (None, None, None, 1 129024      stack_5/block_0/se_excite[0][0]
__________________________________________________________________________________________________
stack_5/block_0/project_bn (Bat (None, None, None, 1 768         stack_5/block_0/project_conv2d[0]
__________________________________________________________________________________________________
stack_5/block_0/id (Activation) (None, None, None, 1 0           stack_5/block_0/project_bn[0][0]
__________________________________________________________________________________________________
stack_5/block_1/expand_conv2d ( (None, None, None, 1 221184      stack_5/block_0/id[0][0]
__________________________________________________________________________________________________
stack_5/block_1/expand_bn (Batc (None, None, None, 1 4608        stack_5/block_1/expand_conv2d[0][
__________________________________________________________________________________________________
stack_5/block_1/expand_activati (None, None, None, 1 0           stack_5/block_1/expand_bn[0][0]
__________________________________________________________________________________________________
stack_5/block_1/depthwise_conv2 (None, None, None, 1 28800       stack_5/block_1/expand_activation
__________________________________________________________________________________________________
stack_5/block_1/depthwise_bn (B (None, None, None, 1 4608        stack_5/block_1/depthwise_conv2d[
__________________________________________________________________________________________________
stack_5/block_1/depthwise_activ (None, None, None, 1 0           stack_5/block_1/depthwise_bn[0][0
__________________________________________________________________________________________________
stack_5/block_1/se_squeeze (Glo (None, 1152)         0           stack_5/block_1/depthwise_activat
__________________________________________________________________________________________________
stack_5/block_1/se_reshape (Res (None, 1, 1, 1152)   0           stack_5/block_1/se_squeeze[0][0]
__________________________________________________________________________________________________
stack_5/block_1/se_reduce_conv2 (None, 1, 1, 48)     55344       stack_5/block_1/se_reshape[0][0]
__________________________________________________________________________________________________
stack_5/block_1/se_reduce_activ (None, 1, 1, 48)     0           stack_5/block_1/se_reduce_conv2d[
__________________________________________________________________________________________________
stack_5/block_1/se_expand_conv2 (None, 1, 1, 1152)   56448       stack_5/block_1/se_reduce_activat
__________________________________________________________________________________________________
stack_5/block_1/se_expand_activ (None, 1, 1, 1152)   0           stack_5/block_1/se_expand_conv2d[
__________________________________________________________________________________________________
stack_5/block_1/se_excite (Mult (None, None, None, 1 0           stack_5/block_1/depthwise_activat
                                                                 stack_5/block_1/se_expand_activat
__________________________________________________________________________________________________
stack_5/block_1/project_conv2d  (None, None, None, 1 221184      stack_5/block_1/se_excite[0][0]
__________________________________________________________________________________________________
stack_5/block_1/project_bn (Bat (None, None, None, 1 768         stack_5/block_1/project_conv2d[0]
__________________________________________________________________________________________________
stack_5/block_1/id (Activation) (None, None, None, 1 0           stack_5/block_1/project_bn[0][0]
__________________________________________________________________________________________________
stack_5/block_1/drop (Dropout)  (None, None, None, 1 0           stack_5/block_1/id[0][0]
__________________________________________________________________________________________________
stack_5/block_1/add (Add)       (None, None, None, 1 0           stack_5/block_1/drop[0][0]
                                                                 stack_5/block_0/id[0][0]
__________________________________________________________________________________________________
stack_5/block_2/expand_conv2d ( (None, None, None, 1 221184      stack_5/block_1/add[0][0]
__________________________________________________________________________________________________
stack_5/block_2/expand_bn (Batc (None, None, None, 1 4608        stack_5/block_2/expand_conv2d[0][
__________________________________________________________________________________________________
stack_5/block_2/expand_activati (None, None, None, 1 0           stack_5/block_2/expand_bn[0][0]
__________________________________________________________________________________________________
stack_5/block_2/depthwise_conv2 (None, None, None, 1 28800       stack_5/block_2/expand_activation
__________________________________________________________________________________________________
stack_5/block_2/depthwise_bn (B (None, None, None, 1 4608        stack_5/block_2/depthwise_conv2d[
__________________________________________________________________________________________________
stack_5/block_2/depthwise_activ (None, None, None, 1 0           stack_5/block_2/depthwise_bn[0][0
__________________________________________________________________________________________________
stack_5/block_2/se_squeeze (Glo (None, 1152)         0           stack_5/block_2/depthwise_activat
__________________________________________________________________________________________________
stack_5/block_2/se_reshape (Res (None, 1, 1, 1152)   0           stack_5/block_2/se_squeeze[0][0]
__________________________________________________________________________________________________
stack_5/block_2/se_reduce_conv2 (None, 1, 1, 48)     55344       stack_5/block_2/se_reshape[0][0]
__________________________________________________________________________________________________
stack_5/block_2/se_reduce_activ (None, 1, 1, 48)     0           stack_5/block_2/se_reduce_conv2d[
__________________________________________________________________________________________________
stack_5/block_2/se_expand_conv2 (None, 1, 1, 1152)   56448       stack_5/block_2/se_reduce_activat
__________________________________________________________________________________________________
stack_5/block_2/se_expand_activ (None, 1, 1, 1152)   0           stack_5/block_2/se_expand_conv2d[
__________________________________________________________________________________________________
stack_5/block_2/se_excite (Mult (None, None, None, 1 0           stack_5/block_2/depthwise_activat
                                                                 stack_5/block_2/se_expand_activat
__________________________________________________________________________________________________
stack_5/block_2/project_conv2d  (None, None, None, 1 221184      stack_5/block_2/se_excite[0][0]
__________________________________________________________________________________________________
stack_5/block_2/project_bn (Bat (None, None, None, 1 768         stack_5/block_2/project_conv2d[0]
__________________________________________________________________________________________________
stack_5/block_2/id (Activation) (None, None, None, 1 0           stack_5/block_2/project_bn[0][0]
__________________________________________________________________________________________________
stack_5/block_2/drop (Dropout)  (None, None, None, 1 0           stack_5/block_2/id[0][0]
__________________________________________________________________________________________________
stack_5/block_2/add (Add)       (None, None, None, 1 0           stack_5/block_2/drop[0][0]
                                                                 stack_5/block_1/add[0][0]
__________________________________________________________________________________________________
stack_5/block_3/expand_conv2d ( (None, None, None, 1 221184      stack_5/block_2/add[0][0]
__________________________________________________________________________________________________
stack_5/block_3/expand_bn (Batc (None, None, None, 1 4608        stack_5/block_3/expand_conv2d[0][
__________________________________________________________________________________________________
stack_5/block_3/expand_activati (None, None, None, 1 0           stack_5/block_3/expand_bn[0][0]
__________________________________________________________________________________________________
stack_5/block_3/depthwise_conv2 (None, None, None, 1 28800       stack_5/block_3/expand_activation
__________________________________________________________________________________________________
stack_5/block_3/depthwise_bn (B (None, None, None, 1 4608        stack_5/block_3/depthwise_conv2d[
__________________________________________________________________________________________________
stack_5/block_3/depthwise_activ (None, None, None, 1 0           stack_5/block_3/depthwise_bn[0][0
__________________________________________________________________________________________________
stack_5/block_3/se_squeeze (Glo (None, 1152)         0           stack_5/block_3/depthwise_activat
__________________________________________________________________________________________________
stack_5/block_3/se_reshape (Res (None, 1, 1, 1152)   0           stack_5/block_3/se_squeeze[0][0]
__________________________________________________________________________________________________
stack_5/block_3/se_reduce_conv2 (None, 1, 1, 48)     55344       stack_5/block_3/se_reshape[0][0]
__________________________________________________________________________________________________
stack_5/block_3/se_reduce_activ (None, 1, 1, 48)     0           stack_5/block_3/se_reduce_conv2d[
__________________________________________________________________________________________________
stack_5/block_3/se_expand_conv2 (None, 1, 1, 1152)   56448       stack_5/block_3/se_reduce_activat
__________________________________________________________________________________________________
stack_5/block_3/se_expand_activ (None, 1, 1, 1152)   0           stack_5/block_3/se_expand_conv2d[
__________________________________________________________________________________________________
stack_5/block_3/se_excite (Mult (None, None, None, 1 0           stack_5/block_3/depthwise_activat
                                                                 stack_5/block_3/se_expand_activat
__________________________________________________________________________________________________
stack_5/block_3/project_conv2d  (None, None, None, 1 221184      stack_5/block_3/se_excite[0][0]
__________________________________________________________________________________________________
stack_5/block_3/project_bn (Bat (None, None, None, 1 768         stack_5/block_3/project_conv2d[0]
__________________________________________________________________________________________________
stack_5/block_3/id (Activation) (None, None, None, 1 0           stack_5/block_3/project_bn[0][0]
__________________________________________________________________________________________________
stack_5/block_3/drop (Dropout)  (None, None, None, 1 0           stack_5/block_3/id[0][0]
__________________________________________________________________________________________________
stack_5/block_3/add (Add)       (None, None, None, 1 0           stack_5/block_3/drop[0][0]
                                                                 stack_5/block_2/add[0][0]
__________________________________________________________________________________________________
stack_6/block_0/expand_conv2d ( (None, None, None, 1 221184      stack_5/block_3/add[0][0]
__________________________________________________________________________________________________
stack_6/block_0/expand_bn (Batc (None, None, None, 1 4608        stack_6/block_0/expand_conv2d[0][
__________________________________________________________________________________________________
stack_6/block_0/expand_activati (None, None, None, 1 0           stack_6/block_0/expand_bn[0][0]
__________________________________________________________________________________________________
stack_6/block_0/depthwise_conv2 (None, None, None, 1 10368       stack_6/block_0/expand_activation
__________________________________________________________________________________________________
stack_6/block_0/depthwise_bn (B (None, None, None, 1 4608        stack_6/block_0/depthwise_conv2d[
__________________________________________________________________________________________________
stack_6/block_0/depthwise_activ (None, None, None, 1 0           stack_6/block_0/depthwise_bn[0][0
__________________________________________________________________________________________________
stack_6/block_0/se_squeeze (Glo (None, 1152)         0           stack_6/block_0/depthwise_activat
__________________________________________________________________________________________________
stack_6/block_0/se_reshape (Res (None, 1, 1, 1152)   0           stack_6/block_0/se_squeeze[0][0]
__________________________________________________________________________________________________
stack_6/block_0/se_reduce_conv2 (None, 1, 1, 48)     55344       stack_6/block_0/se_reshape[0][0]
__________________________________________________________________________________________________
stack_6/block_0/se_reduce_activ (None, 1, 1, 48)     0           stack_6/block_0/se_reduce_conv2d[
__________________________________________________________________________________________________
stack_6/block_0/se_expand_conv2 (None, 1, 1, 1152)   56448       stack_6/block_0/se_reduce_activat
__________________________________________________________________________________________________
stack_6/block_0/se_expand_activ (None, 1, 1, 1152)   0           stack_6/block_0/se_expand_conv2d[
__________________________________________________________________________________________________
stack_6/block_0/se_excite (Mult (None, None, None, 1 0           stack_6/block_0/depthwise_activat
                                                                 stack_6/block_0/se_expand_activat
__________________________________________________________________________________________________
stack_6/block_0/project_conv2d  (None, None, None, 3 368640      stack_6/block_0/se_excite[0][0]
__________________________________________________________________________________________________
stack_6/block_0/project_bn (Bat (None, None, None, 3 1280        stack_6/block_0/project_conv2d[0]
__________________________________________________________________________________________________
stack_6/block_0/id (Activation) (None, None, None, 3 0           stack_6/block_0/project_bn[0][0]
__________________________________________________________________________________________________
top_conv2d (Conv2D)             (None, None, None, 1 409600      stack_6/block_0/id[0][0]
__________________________________________________________________________________________________
top_bn (BatchNormalization)     (None, None, None, 1 5120        top_conv2d[0][0]
__________________________________________________________________________________________________
top_activation (Activation)     (None, None, None, 1 0           top_bn[0][0]
__________________________________________________________________________________________________
top_pool (GlobalAveragePooling2 (None, 1280)         0           top_activation[0][0]
__________________________________________________________________________________________________
top_dropout (Dropout)           (None, 1280)         0           top_pool[0][0]
__________________________________________________________________________________________________
logits (Dense)                  (None, 1000)         1281000     top_dropout[0][0]
__________________________________________________________________________________________________
probs (Activation)              (None, 1000)         0           logits[0][0]
==================================================================================================
Total params: 5,330,564
Trainable params: 5,288,548
Non-trainable params: 42,016
__________________________________________________________________________________________________
